Wed Nov 11 17:59:16 CST 2015
parse app.config success!

Wed Nov 11 17:59:21 CST 2015
parse app.config success!

Wed Nov 11 17:59:27 CST 2015
parse app.config success!

Wed Nov 11 17:59:31 CST 2015
parse app.config success!

Thu May  5 17:24:46 CST 2016
parse app.config success!

Thu May  5 17:35:58 CST 2016
parse app.config success!

Thu May  5 17:47:09 CST 2016
parse app.config success!

Thu May  5 17:58:23 CST 2016
parse app.config success!

Thu May  5 18:09:39 CST 2016
parse app.config success!

Thu May  5 18:19:49 CST 2016
parse app.config success!

Thu May  5 18:31:01 CST 2016
parse app.config success!

Thu May  5 18:42:13 CST 2016
parse app.config success!

Thu May  5 18:52:29 CST 2016
parse app.config success!

Thu May  5 19:02:39 CST 2016
parse app.config success!

Thu May  5 19:12:54 CST 2016
parse app.config success!

Thu May  5 19:24:18 CST 2016
parse app.config success!

Thu May  5 19:35:27 CST 2016
parse app.config success!

Thu May  5 19:46:33 CST 2016
parse app.config success!

Thu May  5 19:57:41 CST 2016
parse app.config success!

Thu May  5 20:07:57 CST 2016
parse app.config success!

Thu May  5 20:19:04 CST 2016
parse app.config success!

Thu May  5 20:29:22 CST 2016
parse app.config success!

Thu May  5 20:39:38 CST 2016
parse app.config success!

Thu May  5 20:49:53 CST 2016
parse app.config success!

Thu May  5 21:00:03 CST 2016
parse app.config success!

Thu May  5 21:10:19 CST 2016
parse app.config success!

Thu May  5 21:20:28 CST 2016
parse app.config success!

Thu May  5 21:31:42 CST 2016
parse app.config success!

Thu May  5 21:41:54 CST 2016
parse app.config success!

Thu May  5 21:52:04 CST 2016
parse app.config success!

Thu May  5 22:02:19 CST 2016
parse app.config success!

Thu May  5 22:13:31 CST 2016
parse app.config success!

Thu May  5 22:24:38 CST 2016
parse app.config success!

Thu May  5 22:35:53 CST 2016
parse app.config success!

Thu May  5 22:46:20 CST 2016
parse app.config success!

Thu May  5 22:56:36 CST 2016
parse app.config success!

Thu May  5 23:07:43 CST 2016
parse app.config success!

Thu May  5 23:17:54 CST 2016
parse app.config success!

Thu May  5 23:29:01 CST 2016
parse app.config success!

Thu May  5 23:40:16 CST 2016
parse app.config success!

Thu May  5 23:51:24 CST 2016
parse app.config success!

Fri May  6 00:02:37 CST 2016
parse app.config success!

Fri May  6 00:13:46 CST 2016
parse app.config success!

Fri May  6 00:24:53 CST 2016
parse app.config success!

Fri May  6 00:35:10 CST 2016
parse app.config success!

Fri May  6 00:46:19 CST 2016
parse app.config success!

Fri May  6 00:57:28 CST 2016
parse app.config success!

Fri May  6 01:08:35 CST 2016
parse app.config success!

Fri May  6 01:19:42 CST 2016
parse app.config success!

Fri May  6 01:30:56 CST 2016
parse app.config success!

Fri May  6 01:42:16 CST 2016
parse app.config success!

Fri May  6 01:53:24 CST 2016
parse app.config success!

Fri May  6 02:03:33 CST 2016
parse app.config success!

Fri May  6 02:14:41 CST 2016
parse app.config success!

Fri May  6 02:25:56 CST 2016
parse app.config success!

Fri May  6 02:37:05 CST 2016
parse app.config success!

Fri May  6 02:48:20 CST 2016
parse app.config success!

Fri May  6 02:58:32 CST 2016
parse app.config success!

Fri May  6 03:09:40 CST 2016
parse app.config success!

Fri May  6 03:20:55 CST 2016
parse app.config success!

Fri May  6 03:32:04 CST 2016
parse app.config success!

Fri May  6 03:43:10 CST 2016
parse app.config success!

Fri May  6 03:54:18 CST 2016
parse app.config success!

Fri May  6 04:05:25 CST 2016
parse app.config success!

Fri May  6 04:15:43 CST 2016
parse app.config success!

Fri May  6 04:26:50 CST 2016
parse app.config success!

Fri May  6 04:38:05 CST 2016
parse app.config success!

Fri May  6 04:49:18 CST 2016
parse app.config success!

Fri May  6 05:00:28 CST 2016
parse app.config success!

Fri May  6 05:11:42 CST 2016
parse app.config success!

Fri May  6 05:22:50 CST 2016
parse app.config success!

Fri May  6 05:33:07 CST 2016
parse app.config success!

Fri May  6 05:44:16 CST 2016
parse app.config success!

Fri May  6 05:55:31 CST 2016
parse app.config success!

Fri May  6 06:05:37 CST 2016
parse app.config success!

Fri May  6 06:16:45 CST 2016
parse app.config success!

Fri May  6 06:26:51 CST 2016
parse app.config success!

Fri May  6 06:37:01 CST 2016
parse app.config success!

Fri May  6 06:47:23 CST 2016
parse app.config success!

Fri May  6 06:58:36 CST 2016
parse app.config success!

Fri May  6 07:09:50 CST 2016
parse app.config success!

Fri May  6 07:21:05 CST 2016
parse app.config success!

Fri May  6 07:32:14 CST 2016
parse app.config success!

Fri May  6 07:43:25 CST 2016
parse app.config success!

Fri May  6 07:53:37 CST 2016
parse app.config success!

Fri May  6 08:03:50 CST 2016
parse app.config success!

Fri May  6 08:15:02 CST 2016
parse app.config success!

Fri May  6 08:26:05 CST 2016
parse app.config success!

Fri May  6 08:36:20 CST 2016
parse app.config success!

Fri May  6 08:46:28 CST 2016
parse app.config success!

Fri May  6 08:57:46 CST 2016
parse app.config success!

Fri May  6 09:07:55 CST 2016
parse app.config success!

Fri May  6 09:18:27 CST 2016
parse app.config success!

Fri May  6 09:28:38 CST 2016
parse app.config success!

Fri May  6 09:38:46 CST 2016
parse app.config success!

Fri May  6 09:50:02 CST 2016
parse app.config success!

Fri May  6 10:00:23 CST 2016
parse app.config success!

Fri May  6 10:10:33 CST 2016
parse app.config success!

Fri May  6 10:20:44 CST 2016
parse app.config success!

Fri May  6 10:31:03 CST 2016
parse app.config success!

Fri May  6 10:41:12 CST 2016
parse app.config success!

Fri May  6 10:51:27 CST 2016
parse app.config success!

Fri May  6 11:02:34 CST 2016
parse app.config success!

Fri May  6 11:12:50 CST 2016
parse app.config success!

Fri May  6 11:23:05 CST 2016
parse app.config success!

Fri May  6 11:33:21 CST 2016
parse app.config success!

Fri May  6 11:43:30 CST 2016
parse app.config success!

Fri May  6 11:54:43 CST 2016
parse app.config success!

Fri May  6 12:06:04 CST 2016
parse app.config success!

Fri May  6 12:16:18 CST 2016
parse app.config success!

Fri May  6 12:26:26 CST 2016
parse app.config success!

Fri May  6 12:36:41 CST 2016
parse app.config success!

Wed May 18 21:15:04 CST 2016
parse app.config success!

Wed May 18 21:25:45 CST 2016
parse app.config success!

Wed May 18 21:36:33 CST 2016
parse app.config success!

Wed May 18 21:47:15 CST 2016
parse app.config success!

Wed May 18 21:57:55 CST 2016
parse app.config success!

Wed May 18 22:08:38 CST 2016
parse app.config success!

Wed May 18 22:19:21 CST 2016
parse app.config success!

Wed May 18 22:30:12 CST 2016
parse app.config success!

Wed May 18 22:40:55 CST 2016
parse app.config success!

Wed May 18 22:51:49 CST 2016
parse app.config success!

Wed May 18 23:02:35 CST 2016
parse app.config success!

Wed May 18 23:13:19 CST 2016
parse app.config success!

Wed May 18 23:23:59 CST 2016
parse app.config success!

Wed May 18 23:34:50 CST 2016
parse app.config success!

Wed May 18 23:45:41 CST 2016
parse app.config success!

Wed May 18 23:56:31 CST 2016
parse app.config success!

Thu May 19 00:07:09 CST 2016
parse app.config success!

Thu May 19 00:17:46 CST 2016
parse app.config success!

Thu May 19 00:28:26 CST 2016
parse app.config success!

Thu May 19 00:39:16 CST 2016
parse app.config success!

Thu May 19 00:50:00 CST 2016
parse app.config success!

Thu May 19 01:00:48 CST 2016
parse app.config success!

Thu May 19 01:11:30 CST 2016
parse app.config success!

